DEB [20170414-07:54:30.873] thr=1   paramiko.transport: starting thread (client mode): 0xd04bfd0L
DEB [20170414-07:54:30.873] thr=1   paramiko.transport: Local version/idstring: SSH-2.0-paramiko_2.1.2
DEB [20170414-07:54:30.888] thr=1   paramiko.transport: Remote version/idstring: SSH-2.0-OpenSSH_5.3
INF [20170414-07:54:30.888] thr=1   paramiko.transport: Connected (version 2.0, client OpenSSH_5.3)
DEB [20170414-07:54:30.891] thr=1   paramiko.transport: kex algos:[u'diffie-hellman-group-exchange-sha256', u'diffie-hellman-group-exchange-sha1', u'diffie-hellman-group14-sha1', u'diffie-hellman-group1-sha1'] server key:[u'ssh-rsa', u'ssh-dss'] client encrypt:[u'aes128-ctr', u'aes192-ctr', u'aes256-ctr', u'arcfour256', u'arcfour128', u'aes128-cbc', u'3des-cbc', u'blowfish-cbc', u'cast128-cbc', u'aes192-cbc', u'aes256-cbc', u'arcfour', u'rijndael-cbc@lysator.liu.se'] server encrypt:[u'aes128-ctr', u'aes192-ctr', u'aes256-ctr', u'arcfour256', u'arcfour128', u'aes128-cbc', u'3des-cbc', u'blowfish-cbc', u'cast128-cbc', u'aes192-cbc', u'aes256-cbc', u'arcfour', u'rijndael-cbc@lysator.liu.se'] client mac:[u'hmac-md5', u'hmac-sha1', u'umac-64@openssh.com', u'hmac-sha2-256', u'hmac-sha2-512', u'hmac-ripemd160', u'hmac-ripemd160@openssh.com', u'hmac-sha1-96', u'hmac-md5-96'] server mac:[u'hmac-md5', u'hmac-sha1', u'umac-64@openssh.com', u'hmac-sha2-256', u'hmac-sha2-512', u'hmac-ripemd160', u'hmac-ripemd160@openssh.com', u'hmac-sha1-96', u'hmac-md5-96'] client compress:[u'none', u'zlib@openssh.com'] server compress:[u'none', u'zlib@openssh.com'] client lang:[u''] server lang:[u''] kex follows?False
DEB [20170414-07:54:30.891] thr=1   paramiko.transport: Kex agreed: diffie-hellman-group1-sha1
DEB [20170414-07:54:30.891] thr=1   paramiko.transport: Cipher agreed: aes128-ctr
DEB [20170414-07:54:30.891] thr=1   paramiko.transport: MAC agreed: hmac-sha2-256
DEB [20170414-07:54:30.891] thr=1   paramiko.transport: Compression agreed: none
DEB [20170414-07:54:31.754] thr=1   paramiko.transport: kex engine KexGroup1 specified hash_algo <built-in function openssl_sha1>
DEB [20170414-07:54:31.758] thr=1   paramiko.transport: Switch to new keys ...
DEB [20170414-07:54:31.789] thr=2   paramiko.transport: Adding ssh-rsa host key for 172.17.4.42: 78221b8a061660a985d06e0a2a7f2c6a
DEB [20170414-07:54:31.794] thr=2   paramiko.transport: Trying discovered key 6bda4ec27cee0ec9f05855323d682a28 in /Users/magic/.ssh/id_rsa
DEB [20170414-07:54:31.801] thr=1   paramiko.transport: userauth is OK
INF [20170414-07:54:31.816] thr=1   paramiko.transport: Authentication (publickey) failed.
DEB [20170414-07:54:31.841] thr=2   paramiko.transport: Trying discovered key 86166cc5fde688d4071392c379c0890e in /Users/magic/.ssh/id_ecdsa
DEB [20170414-07:54:31.846] thr=1   paramiko.transport: userauth is OK
INF [20170414-07:54:31.865] thr=1   paramiko.transport: Authentication (publickey) failed.
DEB [20170414-07:54:31.886] thr=1   paramiko.transport: userauth is OK
INF [20170414-07:54:31.917] thr=1   paramiko.transport: Authentication (password) successful!
DEB [20170414-07:54:31.919] thr=2   paramiko.transport: [chan 0] Max packet in: 32768 bytes
DEB [20170414-07:54:31.923] thr=1   paramiko.transport: [chan 0] Max packet out: 32768 bytes
DEB [20170414-07:54:31.923] thr=1   paramiko.transport: Secsh channel 0 opened.
DEB [20170414-07:54:31.928] thr=1   paramiko.transport: [chan 0] Sesch channel 0 request ok
DEB [20170414-07:54:31.946] thr=1   paramiko.transport: [chan 0] EOF received (0)
DEB [20170414-07:54:31.957] thr=1   paramiko.transport: [chan 0] EOF sent (0)
DEB [20170414-07:54:31.964] thr=3   paramiko.transport: starting thread (client mode): 0xd7edd10L
DEB [20170414-07:54:31.964] thr=3   paramiko.transport: Local version/idstring: SSH-2.0-paramiko_2.1.2
DEB [20170414-07:54:31.990] thr=3   paramiko.transport: Remote version/idstring: SSH-2.0-OpenSSH_5.3
INF [20170414-07:54:31.990] thr=3   paramiko.transport: Connected (version 2.0, client OpenSSH_5.3)
DEB [20170414-07:54:31.993] thr=3   paramiko.transport: kex algos:[u'diffie-hellman-group-exchange-sha256', u'diffie-hellman-group-exchange-sha1', u'diffie-hellman-group14-sha1', u'diffie-hellman-group1-sha1'] server key:[u'ssh-rsa', u'ssh-dss'] client encrypt:[u'aes128-ctr', u'aes192-ctr', u'aes256-ctr', u'arcfour256', u'arcfour128', u'aes128-cbc', u'3des-cbc', u'blowfish-cbc', u'cast128-cbc', u'aes192-cbc', u'aes256-cbc', u'arcfour', u'rijndael-cbc@lysator.liu.se'] server encrypt:[u'aes128-ctr', u'aes192-ctr', u'aes256-ctr', u'arcfour256', u'arcfour128', u'aes128-cbc', u'3des-cbc', u'blowfish-cbc', u'cast128-cbc', u'aes192-cbc', u'aes256-cbc', u'arcfour', u'rijndael-cbc@lysator.liu.se'] client mac:[u'hmac-md5', u'hmac-sha1', u'umac-64@openssh.com', u'hmac-sha2-256', u'hmac-sha2-512', u'hmac-ripemd160', u'hmac-ripemd160@openssh.com', u'hmac-sha1-96', u'hmac-md5-96'] server mac:[u'hmac-md5', u'hmac-sha1', u'umac-64@openssh.com', u'hmac-sha2-256', u'hmac-sha2-512', u'hmac-ripemd160', u'hmac-ripemd160@openssh.com', u'hmac-sha1-96', u'hmac-md5-96'] client compress:[u'none', u'zlib@openssh.com'] server compress:[u'none', u'zlib@openssh.com'] client lang:[u''] server lang:[u''] kex follows?False
DEB [20170414-07:54:31.993] thr=3   paramiko.transport: Kex agreed: diffie-hellman-group1-sha1
DEB [20170414-07:54:31.993] thr=3   paramiko.transport: Cipher agreed: aes128-ctr
DEB [20170414-07:54:31.993] thr=3   paramiko.transport: MAC agreed: hmac-sha2-256
DEB [20170414-07:54:31.993] thr=3   paramiko.transport: Compression agreed: none
DEB [20170414-07:54:32.054] thr=3   paramiko.transport: kex engine KexGroup1 specified hash_algo <built-in function openssl_sha1>
DEB [20170414-07:54:32.055] thr=3   paramiko.transport: Switch to new keys ...
DEB [20170414-07:54:32.068] thr=2   paramiko.transport: Adding ssh-rsa host key for 172.17.4.40: 78221b8a061660a985d06e0a2a7f2c6a
DEB [20170414-07:54:32.070] thr=2   paramiko.transport: Trying discovered key 6bda4ec27cee0ec9f05855323d682a28 in /Users/magic/.ssh/id_rsa
DEB [20170414-07:54:32.100] thr=3   paramiko.transport: userauth is OK
INF [20170414-07:54:32.115] thr=3   paramiko.transport: Authentication (publickey) failed.
DEB [20170414-07:54:32.145] thr=2   paramiko.transport: Trying discovered key 86166cc5fde688d4071392c379c0890e in /Users/magic/.ssh/id_ecdsa
DEB [20170414-07:54:32.150] thr=3   paramiko.transport: userauth is OK
INF [20170414-07:54:32.165] thr=3   paramiko.transport: Authentication (publickey) failed.
DEB [20170414-07:54:32.188] thr=3   paramiko.transport: userauth is OK
INF [20170414-07:54:32.258] thr=3   paramiko.transport: Authentication (password) successful!
DEB [20170414-07:54:32.287] thr=2   paramiko.transport: [chan 0] Max packet in: 32768 bytes
DEB [20170414-07:54:32.292] thr=3   paramiko.transport: [chan 0] Max packet out: 32768 bytes
DEB [20170414-07:54:32.292] thr=3   paramiko.transport: Secsh channel 0 opened.
DEB [20170414-07:54:32.301] thr=3   paramiko.transport: [chan 0] Sesch channel 0 request ok
DEB [20170414-07:54:32.321] thr=3   paramiko.transport: [chan 0] EOF received (0)
DEB [20170414-07:54:32.322] thr=3   paramiko.transport: [chan 0] EOF sent (0)
